c:\users\maxim\desktop\kripton source\cheet\x64\release\vc142.pdb
c:\users\maxim\desktop\kripton source\cheet\x64\release\protect.obj
c:\users\maxim\desktop\kripton source\cheet\x64\release\main.obj
c:\users\maxim\desktop\kripton source\cheet\x64\release\imgui_widgets.obj
c:\users\maxim\desktop\kripton source\cheet\x64\release\imgui_impl_win32.obj
c:\users\maxim\desktop\kripton source\cheet\x64\release\imgui_impl_dx9.obj
c:\users\maxim\desktop\kripton source\cheet\x64\release\imgui_draw.obj
c:\users\maxim\desktop\kripton source\cheet\x64\release\imgui_demo.obj
c:\users\maxim\desktop\kripton source\cheet\x64\release\imgui.obj
c:\users\maxim\desktop\kripton source\cheet\x64\release\driver.obj
c:\users\maxim\desktop\kripton source\cheet\x64\release\fortnite.ipdb
c:\users\maxim\desktop\kripton source\cheet\x64\release\fortnite.iobj
c:\users\maxim\desktop\kripton source\cheet\x64\release\fortnite.exe
c:\users\maxim\desktop\kripton source\cheet\x64\release\fortnite.pdb
c:\users\maxim\desktop\kripton source\cheet\x64\release\fortnite.tlog\cl.command.1.tlog
c:\users\maxim\desktop\kripton source\cheet\x64\release\fortnite.tlog\cl.read.1.tlog
c:\users\maxim\desktop\kripton source\cheet\x64\release\fortnite.tlog\cl.write.1.tlog
c:\users\maxim\desktop\kripton source\cheet\x64\release\fortnite.tlog\fortnite.write.1u.tlog
c:\users\maxim\desktop\kripton source\cheet\x64\release\fortnite.tlog\link.command.1.tlog
c:\users\maxim\desktop\kripton source\cheet\x64\release\fortnite.tlog\link.read.1.tlog
c:\users\maxim\desktop\kripton source\cheet\x64\release\fortnite.tlog\link.write.1.tlog
